#
# A fatal error has been detected by the Java Runtime Environment:
#
#  EXCEPTION_ACCESS_VIOLATION (0xc0000005) at pc=0x0000020a8fd343e8, pid=20440, tid=23212
#
# JRE version: Java(TM) SE Runtime Environment (24.0.2+12) (build 24.0.2+12-54)
# Java VM: Java HotSpot(TM) 64-Bit Server VM (24.0.2+12-54, mixed mode, sharing, tiered, compressed oops, compressed class ptrs, g1 gc, windows-amd64)
# Problematic frame:
# j  java.lang.invoke.DirectMethodHandle$Holder.newInvokeSpecial(Ljava/lang/Object;)Ljava/lang/Object;+15 java.base@24.0.2
#
# No core dump will be written. Minidumps are not enabled by default on client versions of Windows
#
# If you would like to submit a bug report, please visit:
#   https://bugreport.java.com/bugreport/crash.jsp
#

---------------  S U M M A R Y ------------

Command Line: -XX:+ShowCodeDetailsInExceptionMessages -agentlib:jdwp=transport=dt_socket,suspend=y,address=localhost:54407 -javaagent:C:\STUDY\2nd YEAR\4th EVEN SEM\Full Stack Development\apps\eclipse\configuration\org.eclipse.osgi\442\0\.cp\lib\javaagent-shaded.jar -Dfile.encoding=UTF-8 -Dstdout.encoding=UTF-8 -Dstderr.encoding=UTF-8 com.example.SkillExperiment6.SkillExperiment6Application

Host: Intel(R) Core(TM) i7-8665U CPU @ 1.90GHz, 8 cores, 15G,  Windows 11 , 64 bit Build 26100 (10.0.26100.7623)
Time: Wed Feb 11 15:02:21 2026 India Standard Time elapsed time: 360.308115 seconds (0d 0h 6m 0s)

---------------  T H R E A D  ---------------

Current thread (0x0000020afc03b430):  JavaThread "main"             [_thread_in_Java, id=23212, stack(0x000000b341000000,0x000000b341100000) (1024K)]

Stack: [0x000000b341000000,0x000000b341100000],  sp=0x000000b3410fe240,  free space=1016k
Native frames: (J=compiled Java code, j=interpreted, Vv=VM code, C=native code)
C  0x0000020a8fd343e8  (no source info available)

The last pc belongs to invokestatic (printed below).

siginfo: EXCEPTION_ACCESS_VIOLATION (0xc0000005), reading address 0xffffffffffffffff


Registers:
RAX=0x0000020adf95f6a8, RBX=0x0000020adf01db40, RCX=0x0000020a9e0147a8, RDX=0x0000000000000002
RSP=0x000000b3410fe240, RBP=0x000000b3410fe298, RSI=0x0000020ae395b5f8, RDI=0x0000020ae63a0f40
R8 =0x0000000000000002, R9 =0x0000000000000002, R10=0x00007ff82c6d4880, R11=0x0000020a9e1f9ab0
R12=0x0000000000000000, R13=0xfffffffffffffff7, R14=0x000000b3410fe2b8, R15=0x0000020afc03b430
RIP=0x0000020a8fd343e8, EFLAGS=0x0000000000010282

XMM[0]=0x0000000000000000 0x0000000000000000
XMM[1]=0x0000000000000000 0x0000000000000000
XMM[2]=0x0000000000000000 0x0000000000000000
XMM[3]=0x0000000000000000 0x0000000000000000
XMM[4]=0x0000000000000000 0x0000000000000000
XMM[5]=0x0000000000000000 0x0000000000000000
XMM[6]=0x7dd7bc017dd7bc01 0x7dd7bc017dd7bc01
XMM[7]=0x294fe48100acab9f 0x14e8c84188303fdf
XMM[8]=0x0c98f5818685ba9f 0x4a319941fc018edf
XMM[9]=0xee830681e1ddc99f 0x59db6a41e191dddf
XMM[10]=0x000e178101b4d89f 0x34e63b4167e12cdf
XMM[11]=0x6c5b0f2e498512b3 0x10eed42faaa8b33d
XMM[12]=0x437c1d2e12c2a0bb 0x4ceca76c40ae8190
XMM[13]=0x0000000000000000 0x0000000000000000
XMM[14]=0x0000000000000000 0x0000000000000000
XMM[15]=0x0000000000000000 0x0000000000000000
  MXCSR=0x00001fa0


Register to memory mapping:

RAX=0x0000020adf95f6a8 is pointing into metadata
RBX={method} {0x0000020adf01db48} 'linkToSpecial' '(Ljava/lang/Object;Ljava/lang/invoke/MemberName;)V' in 'java/lang/invoke/MethodHandle'
RCX=0x0000020a9e0147a8 is pointing into metadata
RDX=0x0000000000000002 is an unknown value
RSP=0x000000b3410fe240 is pointing into the stack for thread: 0x0000020afc03b430
RBP=0x000000b3410fe298 is pointing into the stack for thread: 0x0000020afc03b430
RSI=0x0000020ae395b5f8 points into unknown readable memory: 0x8800080a24efdb67 | 67 db ef 24 0a 08 00 88
RDI=0x0000020ae63a0f40 points into unknown readable memory: 0x0000001800000070 | 70 00 00 00 18 00 00 00
R8 =0x0000000000000002 is an unknown value
R9 =0x0000000000000002 is an unknown value
R10=0x00007ff82c6d4880 jvm.dll
R11={method} {0x0000020a9e1f9ab8} 'newInvokeSpecial' '(Ljava/lang/Object;)Ljava/lang/Object;' in 'java/lang/invoke/DirectMethodHandle$Holder'
R12=0x0 is null
R13=0xfffffffffffffff7 is an unknown value
R14=0x000000b3410fe2b8 is pointing into the stack for thread: 0x0000020afc03b430
R15=0x0000020afc03b430 is a thread

Top of Stack: (sp=0x000000b3410fe240)
0x000000b3410fe240:   0000020a8fd19154 000000070600e150   T.......P.......
0x000000b3410fe250:   fffffffffffffff7 0000020a9e7f694f   ........Oi......
0x000000b3410fe260:   0000000000000004 0000020a9e1f69f8   .........i......
0x000000b3410fe270:   0000020adf95f6a0 00000007040012c0   ................
0x000000b3410fe280:   0000020a9e1f9ab0 0000000000000000   ................
0x000000b3410fe290:   000000b3410fe2c0 000000b3410fe598   ...A.......A....
0x000000b3410fe2a0:   0000020a88c80b8a 000000070600e0a8   ................
0x000000b3410fe2b0:   000000070600e150 000000070600e108   P...............
0x000000b3410fe2c0:   0000000000000000 000000070458ea80   ..........X.....
0x000000b3410fe2d0:   0000020a9e2651c0 0000000000000000   .Q&.............
0x000000b3410fe2e0:   000000b3410fe2f8 000000b3410fe350   ...A....P..A....
0x000000b3410fe2f0:   0000020a8fd19681 000000070600e108   ................
0x000000b3410fe300:   000000070600e138 fffffffffffffff7   8...............
0x000000b3410fe310:   0000020a9e914542 0000000000000003   BE..............
0x000000b3410fe320:   0000020a9e29eef0 0000000000000000   ..).............
0x000000b3410fe330:   00000007040014b8 0000020a9e29f718   ..........).....
0x000000b3410fe340:   0000000000000000 000000b3410fe368   ........h..A....
0x000000b3410fe350:   000000b3410fe3b8 0000020a8fd19681   ...A............
0x000000b3410fe360:   000000070600e108 000000070600e138   ........8.......
0x000000b3410fe370:   ffffffff00000000 000000070600e138   ........8.......
0x000000b3410fe380:   000000070600dee0 0000020a9e226028   ........(`".....
0x000000b3410fe390:   0000000000000000 0000000704001560   ........`.......
0x000000b3410fe3a0:   0000020a9e226410 0000000000000000   .d".............
0x000000b3410fe3b0:   000000b3410fe3d8 000000b3410fe430   ...A....0..A....
0x000000b3410fe3c0:   000000b3410fe430 0000020a8fd19154   0..A....T.......
0x000000b3410fe3d0:   0000020a8fd19154 000000070600e108   T...............
0x000000b3410fe3e0:   000000070600e138 fffffffffffffff7   8...............
0x000000b3410fe3f0:   0000020a9e7581de 0000000000000004   ..u.............
0x000000b3410fe400:   0000020a9e1a18b0 0000020ae016c718   ................
0x000000b3410fe410:   0000000704224210 0000020a9e1a2950   .B".....P)......
0x000000b3410fe420:   0000000000000000 000000b3410fe460   ........`..A....
0x000000b3410fe430:   000000b3410fe598 0000020a88c7d104   ...A............

Instructions: (pc=0x0000020a8fd343e8)
  0x0000020a8fd342e8:   ff d0 48 83 c4 20 ff e0 49 83 7f 08 00 0f 84 05
  0x0000020a8fd342f8:   00 00 00 e9 c0 cb fd ff 4c 8b 6d c0 4c 8b 75 c8
  0x0000020a8fd34308:   4e 8d 74 f5 00 c3 48 8b 4d d0 41 0f b7 55 01 48
  0x0000020a8fd34318:   8b 49 38 6b d2 18 48 8d 4c 11 08 48 8b 19 48 8b
  0x0000020a8fd34328:   5b 08 48 8b 5b 08 48 8b 5b 18 80 bb 40 01 00 00
  0x0000020a8fd34338:   04 0f 84 0d 00 00 00 4c 3b bb 48 01 00 00 0f 85
  0x0000020a8fd34348:   63 fe ff ff 0f b6 51 15 48 8b 19 4c 89 6d c0 44
  0x0000020a8fd34358:   8b ea 0f b6 51 14 49 ba 80 48 6d 2c f8 7f 00 00
  0x0000020a8fd34368:   49 8b 14 d2 52 41 8b d5 4c 8b 6d c0 48 8b 45 d8
  0x0000020a8fd34378:   48 85 c0 0f 84 12 00 00 00 48 83 40 08 01 48 83
  0x0000020a8fd34388:   58 08 00 48 83 c0 10 48 89 45 d8 48 8b 45 d8 48
  0x0000020a8fd34398:   85 c0 0f 84 3d 01 00 00 80 78 f0 0a 0f 85 33 01
  0x0000020a8fd343a8:   00 00 48 83 c0 08 4c 8b 68 f8 41 83 ed 00 41 83
  0x0000020a8fd343b8:   fd 02 0f 8c 12 01 00 00 4c 8b 6b 08 45 0f b7 6d
  0x0000020a8fd343c8:   2e 4c 2b 28 41 83 ed 01 4e 8b 6c ec 08 4d 85 ed
  0x0000020a8fd343d8:   75 0e f6 40 08 01 75 58 f0 48 83 48 08 01 eb 50
=>0x0000020a8fd343e8:   45 8b 6d 08 49 ba 00 00 00 9e 0a 02 00 00 4d 03
  0x0000020a8fd343f8:   ea 4d 8b d5 4c 33 68 08 49 f7 c5 fc ff ff ff 74
  0x0000020a8fd34408:   2f 41 f6 c5 02 75 29 48 83 78 08 00 74 1e 48 83
  0x0000020a8fd34418:   78 08 01 74 17 4d 8b ea 4c 33 68 08 49 f7 c5 fc
  0x0000020a8fd34428:   ff ff ff 74 0b 48 83 48 08 02 eb 04 4c 89 68 08
  0x0000020a8fd34438:   48 83 c0 10 4c 8b 68 e8 41 83 ed 02 41 83 fd 02
  0x0000020a8fd34448:   0f 8c 84 00 00 00 4c 8b 6b 08 45 0f b7 6d 2e 4c
  0x0000020a8fd34458:   2b 28 41 83 ed 01 4e 8b 6c ec 08 4d 85 ed 75 0e
  0x0000020a8fd34468:   f6 40 08 01 75 58 f0 48 83 48 08 01 eb 50 45 8b
  0x0000020a8fd34478:   6d 08 49 ba 00 00 00 9e 0a 02 00 00 4d 03 ea 4d
  0x0000020a8fd34488:   8b d5 4c 33 68 08 49 f7 c5 fc ff ff ff 74 2f 41
  0x0000020a8fd34498:   f6 c5 02 75 29 48 83 78 08 00 74 1e 48 83 78 08
  0x0000020a8fd344a8:   01 74 17 4d 8b ea 4c 33 68 08 49 f7 c5 fc ff ff
  0x0000020a8fd344b8:   ff 74 0b 48 83 48 08 02 eb 04 4c 89 68 08 48 83
  0x0000020a8fd344c8:   c0 10 4c 8b 68 d8 41 83 ed 04 41 c1 e5 03 49 03
  0x0000020a8fd344d8:   c5 48 89 45 d8 4c 8d 6c 24 08 49 8b cd 48 2b cd


Stack slot to memory mapping:

stack at sp + 0 slots: 0x0000020a8fd19154 is at code_begin+3476 in an Interpreter codelet
return entry points  [0x0000020a8fd183c0, 0x0000020a8fd1a5c0]  8704 bytes
stack at sp + 1 slots: 0x000000070600e150 is an oop: com.example.SkillExperiment6.LibraryController 
{0x000000070600e150} - klass: 'com/example/SkillExperiment6/LibraryController' - flags: 

 - ---- fields (total size 2 words):
stack at sp + 2 slots: 0xfffffffffffffff7 is an unknown value
stack at sp + 3 slots: 0x0000020a9e7f694f is pointing into metadata
stack at sp + 4 slots: 0x0000000000000004 is an unknown value
stack at sp + 5 slots: 0x0000020a9e1f69f8 is pointing into metadata
stack at sp + 6 slots: 0x0000020adf95f6a0 is pointing into metadata
stack at sp + 7 slots: 0x00000007040012c0 is an oop: java.lang.Class 
{0x00000007040012c0} - klass: 'java/lang/Class' - flags: 

 - ---- fields (total size 14 words):
 - private volatile transient 'classRedefinedCount' 'I' @12  0 (0x00000000)
 - injected 'klass' 'J' @16  2244625786848 (0x0000020a9e1f67e0)
 - injected 'array_klass' 'J' @24  0 (0x0000000000000000)
 - injected 'oop_size' 'I' @32  14 (0x0000000e)
 - injected 'static_oop_field_count' 'I' @36  0 (0x00000000)
 - private volatile transient 'cachedConstructor' 'Ljava/lang/reflect/Constructor;' @40  null (0x00000000)
 - private transient 'name' 'Ljava/lang/String;' @44  null (0x00000000)
 - private transient 'module' 'Ljava/lang/Module;' @48  a 'java/lang/Module'{0x0000000704000770} (0xe08000ee)
 - private final 'classLoader' 'Ljava/lang/ClassLoader;' @52  null (0x00000000)
 - private transient 'classData' 'Ljava/lang/Object;' @56  null (0x00000000)
 - private transient 'signers' '[Ljava/lang/Object;' @60  null (0x00000000)
 - private transient 'packageName' 'Ljava/lang/String;' @64  null (0x00000000)
 - private final 'componentType' 'Ljava/lang/Class;' @68  null (0x00000000)
 - private volatile transient 'reflectionData' 'Ljava/lang/ref/SoftReference;' @72  null (0x00000000)
 - private volatile transient 'genericInfo' 'Lsun/reflect/generics/repository/ClassRepository;' @76  null (0x00000000)
 - private volatile transient 'enumConstants' '[Ljava/lang/Object;' @80  null (0x00000000)
 - private volatile transient 'enumConstantDirectory' 'Ljava/util/Map;' @84  null (0x00000000)
 - private volatile transient 'annotationData' 'Ljava/lang/Class$AnnotationData;' @88  null (0x00000000)
 - private volatile transient 'annotationType' 'Lsun/reflect/annotation/AnnotationType;' @92  null (0x00000000)
 - transient 'classValueMap' 'Ljava/lang/ClassValue$ClassValueMap;' @96  null (0x00000000)
 - injected 'protection_domain' 'Ljava/lang/Object;' @100  null (0x00000000)
 - injected 'source_file' 'Ljava/lang/Object;' @104  null (0x00000000)
 - injected '<init_lock>' 'Ljava/lang/Object;' @108  null (0x00000000)
 - signature: Ljava/lang/invoke/DirectMethodHandle$Holder;
 - ---- static fields (0):

Lock stack of current Java thread (top to bottom):

invokestatic  184 invokestatic  [0x0000020a8fd34160, 0x0000020a8fd34500]  928 bytes
[MachCode]
  0x0000020a8fd34160: 4883 ec08 | c5fa 1104 | 24eb 1f48 | 83ec 10c5 | fb11 0424 | eb14 4883 | ec10 4889 | 0424 48c7 
  0x0000020a8fd34180: 4424 0800 | 0000 00eb | 0150 488b | 4dd0 410f | b755 0148 | 8b49 386b | d218 488d | 4c11 080f 
  0x0000020a8fd341a0: b659 1681 | fbb8 0000 | 000f 8474 | 0100 00bb | b800 0000 | e805 0000 | 00e9 5001 | 0000 488b 
  0x0000020a8fd341c0: d348 8d44 | 2408 4c89 | 6dc0 498b | cfc5 f877 | 4989 afb8 | 0300 0049 | 8987 a803 | 0000 4883 
  0x0000020a8fd341e0: ec20 40f6 | c40f 0f84 | 1900 0000 | 4883 ec08 | 48b8 505d | e12b f87f | 0000 ffd0 | 4883 c408 
  0x0000020a8fd34200: e90c 0000 | 0048 b850 | 5de1 2bf8 | 7f00 00ff | d048 83c4 | 2049 c787 | a803 0000 | 0000 0000 
  0x0000020a8fd34220: 49c7 87b8 | 0300 0000 | 0000 0049 | c787 b003 | 0000 0000 | 0000 c5f8 | 7741 8b8f | 3405 0000 
  0x0000020a8fd34240: f6c1 010f | 8442 0000 | 00f6 c102 | 0f85 3900 | 0000 4883 | ec20 40f6 | c40f 0f84 | 1900 0000 
  0x0000020a8fd34260: 4883 ec08 | 48b8 f002 | e12b f87f | 0000 ffd0 | 4883 c408 | e90c 0000 | 0048 b8f0 | 02e1 2bf8 
  0x0000020a8fd34280: 7f00 00ff | d048 83c4 | 20ff e049 | 8b8f f805 | 0000 4885 | c90f 8455 | 0000 008b | 899c 0000 
  0x0000020a8fd342a0: 0083 f901 | 0f85 4600 | 0000 498b | 8ff8 0500 | 008b 89a0 | 0000 0048 | 83ec 2040 | f6c4 0f0f 
  0x0000020a8fd342c0: 8419 0000 | 0048 83ec | 0848 b8e0 | 02e1 2bf8 | 7f00 00ff | d048 83c4 | 08e9 0c00 | 0000 48b8 
  0x0000020a8fd342e0: e002 e12b | f87f 0000 | ffd0 4883 | c420 ffe0 | 4983 7f08 | 000f 8405 | 0000 00e9 | c0cb fdff 
  0x0000020a8fd34300: 4c8b 6dc0 | 4c8b 75c8 | 4e8d 74f5 | 00c3 488b | 4dd0 410f | b755 0148 | 8b49 386b | d218 488d 
  0x0000020a8fd34320: 4c11 0848 | 8b19 488b | 5b08 488b | 5b08 488b | 5b18 80bb | 4001 0000 | 040f 840d | 0000 004c 
  0x0000020a8fd34340: 3bbb 4801 | 0000 0f85 | 63fe ffff | 0fb6 5115 | 488b 194c | 896d c044 | 8bea 0fb6 | 5114 49ba 
  0x0000020a8fd34360: 8048 6d2c | f87f 0000 | 498b 14d2 | 5241 8bd5 | 4c8b 6dc0 | 488b 45d8 | 4885 c00f | 8412 0000 
  0x0000020a8fd34380: 0048 8340 | 0801 4883 | 5808 0048 | 83c0 1048 | 8945 d848 | 8b45 d848 | 85c0 0f84 | 3d01 0000 
  0x0000020a8fd343a0: 8078 f00a | 0f85 3301 | 0000 4883 | c008 4c8b | 68f8 4183 | ed00 4183 | fd02 0f8c | 1201 0000 
  0x0000020a8fd343c0: 4c8b 6b08 | 450f b76d | 2e4c 2b28 | 4183 ed01 | 4e8b 6cec | 084d 85ed | 750e f640 | 0801 7558 
  0x0000020a8fd343e0: f048 8348 | 0801 eb50 | 458b 6d08 | 49ba 0000 | 009e 0a02 | 0000 4d03 | ea4d 8bd5 | 4c33 6808 
  0x0000020a8fd34400: 49f7 c5fc | ffff ff74 | 2f41 f6c5 | 0275 2948 | 8378 0800 | 741e 4883 | 7808 0174 | 174d 8bea 
  0x0000020a8fd34420: 4c33 6808 | 49f7 c5fc | ffff ff74 | 0b48 8348 | 0802 eb04 | 4c89 6808 | 4883 c010 | 4c8b 68e8 
  0x0000020a8fd34440: 4183 ed02 | 4183 fd02 | 0f8c 8400 | 0000 4c8b | 6b08 450f | b76d 2e4c | 2b28 4183 | ed01 4e8b 
  0x0000020a8fd34460: 6cec 084d | 85ed 750e | f640 0801 | 7558 f048 | 8348 0801 | eb50 458b | 6d08 49ba | 0000 009e 
  0x0000020a8fd34480: 0a02 0000 | 4d03 ea4d | 8bd5 4c33 | 6808 49f7 | c5fc ffff | ff74 2f41 | f6c5 0275 | 2948 8378 
  0x0000020a8fd344a0: 0800 741e | 4883 7808 | 0174 174d | 8bea 4c33 | 6808 49f7 | c5fc ffff | ff74 0b48 | 8348 0802 
  0x0000020a8fd344c0: eb04 4c89 | 6808 4883 | c010 4c8b | 68d8 4183 | ed04 41c1 | e503 4903 | c548 8945 | d84c 8d6c 
  0x0000020a8fd344e0: 2408 498b | cd48 2bcd | 48c1 f903 | 4889 4df0 | 4180 bf00 | 0600 0000 | 7403 ff63 | 38ff 6350 
[/MachCode]

---------------  P R O C E S S  ---------------

Threads class SMR info:
_java_thread_list=0x0000020ae40247e0, length=17, elements={
0x0000020afc03b430, 0x0000020ae3000290, 0x0000020ae3001ae0, 0x0000020ae3004f60,
0x0000020ae3005a90, 0x0000020ae300e5d0, 0x0000020ae3030380, 0x0000020ae3048d30,
0x0000020ae304a8c0, 0x0000020ae322b130, 0x0000020ae32c4180, 0x0000020ae33c20f0,
0x0000020ae3217470, 0x0000020ae364a5d0, 0x0000020ae8bac280, 0x0000020ae9642ea0,
0x0000020ae4658460
}

Java Threads: ( => current thread )
=>0x0000020afc03b430 JavaThread "main"                              [_thread_in_Java, id=23212, stack(0x000000b341000000,0x000000b341100000) (1024K)]
  0x0000020ae3000290 JavaThread "Reference Handler"          daemon [_thread_blocked, id=4120, stack(0x000000b341800000,0x000000b341900000) (1024K)]
  0x0000020ae3001ae0 JavaThread "Finalizer"                  daemon [_thread_blocked, id=19764, stack(0x000000b341900000,0x000000b341a00000) (1024K)]
  0x0000020ae3004f60 JavaThread "Signal Dispatcher"          daemon [_thread_blocked, id=20744, stack(0x000000b341a00000,0x000000b341b00000) (1024K)]
  0x0000020ae3005a90 JavaThread "Attach Listener"            daemon [_thread_blocked, id=21592, stack(0x000000b341b00000,0x000000b341c00000) (1024K)]
  0x0000020ae300e5d0 JavaThread "Service Thread"             daemon [_thread_blocked, id=18560, stack(0x000000b341c00000,0x000000b341d00000) (1024K)]
  0x0000020ae3030380 JavaThread "Monitor Deflation Thread"   daemon [_thread_blocked, id=10100, stack(0x000000b341d00000,0x000000b341e00000) (1024K)]
  0x0000020ae3048d30 JavaThread "C2 CompilerThread0"         daemon [_thread_blocked, id=16356, stack(0x000000b341e00000,0x000000b341f00000) (1024K)]
  0x0000020ae304a8c0 JavaThread "C1 CompilerThread0"         daemon [_thread_blocked, id=9116, stack(0x000000b341f00000,0x000000b342000000) (1024K)]
  0x0000020ae322b130 JavaThread "JDWP Transport Listener: dt_socket" daemon [_thread_blocked, id=11588, stack(0x000000b342000000,0x000000b342100000) (1024K)]
  0x0000020ae32c4180 JavaThread "JDWP Event Helper Thread"   daemon [_thread_blocked, id=20840, stack(0x000000b342100000,0x000000b342200000) (1024K)]
  0x0000020ae33c20f0 JavaThread "JDWP Command Reader"        daemon [_thread_in_native, id=21368, stack(0x000000b342200000,0x000000b342300000) (1024K)]
  0x0000020ae3217470 JavaThread "Common-Cleaner"             daemon [_thread_blocked, id=11312, stack(0x000000b342300000,0x000000b342400000) (1024K)]
  0x0000020ae364a5d0 JavaThread "Notification Thread"        daemon [_thread_blocked, id=21692, stack(0x000000b342500000,0x000000b342600000) (1024K)]
  0x0000020ae8bac280 JavaThread "Catalina-utility-1"                [_thread_blocked, id=9636, stack(0x000000b342f00000,0x000000b343000000) (1024K)]
  0x0000020ae9642ea0 JavaThread "Catalina-utility-2"                [_thread_blocked, id=9916, stack(0x000000b343000000,0x000000b343100000) (1024K)]
  0x0000020ae4658460 JavaThread "container-0"                       [_thread_blocked, id=18856, stack(0x000000b343100000,0x000000b343200000) (1024K)]
Total: 17

Other Threads:
  0x0000020affc2eb70 VMThread "VM Thread"                           [id=9412, stack(0x000000b341700000,0x000000b341800000) (1024K)]
  0x0000020affc227e0 WatcherThread "VM Periodic Task Thread"        [id=2988, stack(0x000000b341600000,0x000000b341700000) (1024K)]
  0x0000020afe5492e0 WorkerThread "GC Thread#0"                     [id=20368, stack(0x000000b341100000,0x000000b341200000) (1024K)]
  0x0000020ae3e28910 WorkerThread "GC Thread#1"                     [id=7460, stack(0x000000b342600000,0x000000b342700000) (1024K)]
  0x0000020ae3e28cc0 WorkerThread "GC Thread#2"                     [id=11388, stack(0x000000b342700000,0x000000b342800000) (1024K)]
  0x0000020ae40257d0 WorkerThread "GC Thread#3"                     [id=22308, stack(0x000000b342800000,0x000000b342900000) (1024K)]
  0x0000020ae4025b80 WorkerThread "GC Thread#4"                     [id=21512, stack(0x000000b342900000,0x000000b342a00000) (1024K)]
  0x0000020ae4025f30 WorkerThread "GC Thread#5"                     [id=10688, stack(0x000000b342a00000,0x000000b342b00000) (1024K)]
  0x0000020ae3fcb790 WorkerThread "GC Thread#6"                     [id=3308, stack(0x000000b342b00000,0x000000b342c00000) (1024K)]
  0x0000020ae40a0770 WorkerThread "GC Thread#7"                     [id=2772, stack(0x000000b342c00000,0x000000b342d00000) (1024K)]
  0x0000020afe5987b0 ConcurrentGCThread "G1 Main Marker"            [id=20416, stack(0x000000b341200000,0x000000b341300000) (1024K)]
  0x0000020afe5992c0 WorkerThread "G1 Conc#0"                       [id=17424, stack(0x000000b341300000,0x000000b341400000) (1024K)]
  0x0000020ae40fdb10 WorkerThread "G1 Conc#1"                       [id=23432, stack(0x000000b342e00000,0x000000b342f00000) (1024K)]
  0x0000020affae01a0 ConcurrentGCThread "G1 Refine#0"               [id=8236, stack(0x000000b341400000,0x000000b341500000) (1024K)]
  0x0000020affae0d20 ConcurrentGCThread "G1 Service"                [id=18600, stack(0x000000b341500000,0x000000b341600000) (1024K)]
Total: 15

Threads with active compile tasks:
Total: 0

VM state: not at safepoint (normal execution)

VM Mutex/Monitor currently owned by a thread: None

Heap address: 0x0000000704000000, size: 4032 MB, Compressed Oops mode: Zero based, Oop shift amount: 3

CDS archive(s) mapped at: [0x0000020a9e000000-0x0000020a9ed40000-0x0000020a9ed40000), size 13893632, SharedBaseAddress: 0x0000020a9e000000, ArchiveRelocationMode: 1.
Compressed class space mapped at: 0x0000020a9f000000-0x0000020adf000000, reserved size: 1073741824
UseCompressedClassPointers 1, UseCompactObjectHeaders 0
Narrow klass pointer bits 32, Max shift 3
Narrow klass base: 0x0000020a9e000000, Narrow klass shift: 0
Encoding Range: [0x0000020a9e000000 - 0x0000020b9e000000), (4294967296 bytes)
Klass Range:    [0x0000020a9e000000 - 0x0000020adf000000), (1090519040 bytes)
Klass ID Range:  [8 - 1090519033) (1090519025)

GC Precious Log:
 CardTable entry size: 512
 Card Set container configuration: InlinePtr #cards 4 size 8 Array Of Cards #cards 16 size 48 Howl #buckets 8 coarsen threshold 3686 Howl Bitmap #cards 512 size 80 coarsen threshold 460 Card regions per heap region 1 cards per card region 4096
 CPUs: 8 total, 8 available
 Memory: 16124M
 Large Page Support: Disabled
 NUMA Support: Disabled
 Compressed Oops: Enabled (Zero based)
 Heap Region Size: 2M
 Heap Min Capacity: 8M
 Heap Initial Capacity: 252M
 Heap Max Capacity: 4032M
 Pre-touch: Disabled
 Parallel Workers: 8
 Concurrent Workers: 2
 Concurrent Refinement Workers: 8
 Periodic GC: Disabled

Heap:
 garbage-first heap   total reserved 4128768K, committed 53248K, used 32232K [0x0000000704000000, 0x0000000800000000)
  region size 2048K, 12 young (24576K), 2 survivors (4096K)
 Metaspace       used 27395K, committed 27776K, reserved 1114112K
  class space    used 2794K, committed 2944K, reserved 1048576K

Heap Regions: E=young(eden), S=young(survivor), O=old, HS=humongous(starts), HC=humongous(continues), CS=collection set, F=free, TAMS=top-at-mark-start, PB=parsable bottom
|   0|0x0000000704000000, 0x0000000704200000, 0x0000000704200000|100%| O|  |TAMS 0x0000000704000000| PB 0x0000000704000000| Untracked |  0
|   1|0x0000000704200000, 0x0000000704400000, 0x0000000704400000|100%| O|  |TAMS 0x0000000704200000| PB 0x0000000704200000| Untracked |  0
|   2|0x0000000704400000, 0x0000000704600000, 0x0000000704600000|100%| O|  |TAMS 0x0000000704400000| PB 0x0000000704400000| Untracked |  0
|   3|0x0000000704600000, 0x0000000704800000, 0x0000000704800000|100%| O|  |TAMS 0x0000000704600000| PB 0x0000000704600000| Untracked |  0
|   4|0x0000000704800000, 0x0000000704a00000, 0x0000000704a00000|100%| O|  |TAMS 0x0000000704800000| PB 0x0000000704800000| Untracked |  0
|   5|0x0000000704a00000, 0x0000000704a40800, 0x0000000704c00000| 12%| O|  |TAMS 0x0000000704a00000| PB 0x0000000704a00000| Untracked |  0
|   6|0x0000000704c00000, 0x0000000704c00000, 0x0000000704e00000|  0%| F|  |TAMS 0x0000000704c00000| PB 0x0000000704c00000| Untracked |  0
|   7|0x0000000704e00000, 0x0000000704e00000, 0x0000000705000000|  0%| F|  |TAMS 0x0000000704e00000| PB 0x0000000704e00000| Untracked |  0
|   8|0x0000000705000000, 0x00000007051399c0, 0x0000000705200000| 61%| S|CS|TAMS 0x0000000705000000| PB 0x0000000705000000| Complete |  0
|   9|0x0000000705200000, 0x0000000705400000, 0x0000000705400000|100%| S|CS|TAMS 0x0000000705200000| PB 0x0000000705200000| Complete |  0
|  10|0x0000000705400000, 0x0000000705400000, 0x0000000705600000|  0%| F|  |TAMS 0x0000000705400000| PB 0x0000000705400000| Untracked |  0
|  11|0x0000000705600000, 0x0000000705600000, 0x0000000705800000|  0%| F|  |TAMS 0x0000000705600000| PB 0x0000000705600000| Untracked |  0
|  12|0x0000000705800000, 0x0000000705800000, 0x0000000705a00000|  0%| F|  |TAMS 0x0000000705800000| PB 0x0000000705800000| Untracked |  0
|  13|0x0000000705a00000, 0x0000000705a00000, 0x0000000705c00000|  0%| F|  |TAMS 0x0000000705a00000| PB 0x0000000705a00000| Untracked |  0
|  14|0x0000000705c00000, 0x0000000705c00000, 0x0000000705e00000|  0%| F|  |TAMS 0x0000000705c00000| PB 0x0000000705c00000| Untracked |  0
|  15|0x0000000705e00000, 0x0000000705e00000, 0x0000000706000000|  0%| F|  |TAMS 0x0000000705e00000| PB 0x0000000705e00000| Untracked |  0
|  16|0x0000000706000000, 0x00000007060b6410, 0x0000000706200000| 35%| E|  |TAMS 0x0000000706000000| PB 0x0000000706000000| Complete |  0
|  17|0x0000000706200000, 0x0000000706400000, 0x0000000706400000|100%| E|CS|TAMS 0x0000000706200000| PB 0x0000000706200000| Complete |  0
|  18|0x0000000706400000, 0x0000000706600000, 0x0000000706600000|100%| E|CS|TAMS 0x0000000706400000| PB 0x0000000706400000| Complete |  0
| 111|0x0000000711e00000, 0x0000000712000000, 0x0000000712000000|100%| E|CS|TAMS 0x0000000711e00000| PB 0x0000000711e00000| Complete |  0
| 112|0x0000000712000000, 0x0000000712200000, 0x0000000712200000|100%| E|CS|TAMS 0x0000000712000000| PB 0x0000000712000000| Complete |  0
| 113|0x0000000712200000, 0x0000000712400000, 0x0000000712400000|100%| E|CS|TAMS 0x0000000712200000| PB 0x0000000712200000| Complete |  0
| 114|0x0000000712400000, 0x0000000712600000, 0x0000000712600000|100%| E|CS|TAMS 0x0000000712400000| PB 0x0000000712400000| Complete |  0
| 115|0x0000000712600000, 0x0000000712800000, 0x0000000712800000|100%| E|CS|TAMS 0x0000000712600000| PB 0x0000000712600000| Complete |  0
| 125|0x0000000713a00000, 0x0000000713c00000, 0x0000000713c00000|100%| E|CS|TAMS 0x0000000713a00000| PB 0x0000000713a00000| Complete |  0
|2015|0x00000007ffe00000, 0x0000000800000000, 0x0000000800000000|100%| E|CS|TAMS 0x00000007ffe00000| PB 0x00000007ffe00000| Complete |  0

Card table byte_map: [0x0000020aff1d0000,0x0000020aff9b0000] _byte_map_base: 0x0000020afb9b0000

Marking Bits: (CMBitMap*) 0x0000020afe5499f0
 Bits: [0x0000020a977e0000, 0x0000020a9b6e0000)

Polling page: 0x0000020afc300000

Metaspace:

Usage:
  Non-class:     24.02 MB used.
      Class:      2.73 MB used.
       Both:     26.75 MB used.

Virtual space:
  Non-class space:       64.00 MB reserved,      24.25 MB ( 38%) committed,  1 nodes.
      Class space:        1.00 GB reserved,       2.88 MB ( <1%) committed,  1 nodes.
             Both:        1.06 GB reserved,      27.12 MB (  2%) committed. 

Chunk freelists:
   Non-Class:  7.28 MB
       Class:  13.00 MB
        Both:  20.28 MB

MaxMetaspaceSize: unlimited
CompressedClassSpaceSize: 1.00 GB
Initial GC threshold: 21.00 MB
Current GC threshold: 35.25 MB
CDS: on
 - commit_granule_bytes: 65536.
 - commit_granule_words: 8192.
 - virtual_space_node_default_size: 8388608.
 - enlarge_chunks_in_place: 1.
UseCompressedClassPointers 1, UseCompactObjectHeaders 0
Narrow klass pointer bits 32, Max shift 3
Narrow klass base: 0x0000020a9e000000, Narrow klass shift: 0
Encoding Range: [0x0000020a9e000000 - 0x0000020b9e000000), (4294967296 bytes)
Klass Range:    [0x0000020a9e000000 - 0x0000020adf000000), (1090519040 bytes)
Klass ID Range:  [8 - 1090519033) (1090519025)


Internal statistics:

num_allocs_failed_limit: 3.
num_arena_births: 388.
num_arena_deaths: 0.
num_vsnodes_births: 2.
num_vsnodes_deaths: 0.
num_space_committed: 434.
num_space_uncommitted: 0.
num_chunks_returned_to_freelist: 3.
num_chunks_taken_from_freelist: 1312.
num_chunk_merges: 3.
num_chunk_splits: 888.
num_chunks_enlarged: 662.
num_inconsistent_stats: 0.

CodeHeap 'non-profiled nmethods': size=120064Kb used=1901Kb max_used=1901Kb free=118163Kb
 bounds [0x0000020a902a0000, 0x0000020a90510000, 0x0000020a977e0000]
CodeHeap 'profiled nmethods': size=120000Kb used=6838Kb max_used=6838Kb free=113162Kb
 bounds [0x0000020a887e0000, 0x0000020a88e90000, 0x0000020a8fd10000]
CodeHeap 'non-nmethods': size=5696Kb used=1457Kb max_used=1581Kb free=4238Kb
 bounds [0x0000020a8fd10000, 0x0000020a8ff80000, 0x0000020a902a0000]
CodeCache: size=245760Kb, used=10196Kb, max_used=10320Kb, free=235563Kb
 total_blobs=4550, nmethods=3991, adapters=464, full_count=0
Compilation: enabled, stopped_count=0, restarted_count=0

Compilation events (20 events):
Event: 265.398 Thread 0x0000020ae304a8c0 3985       3       java.util.concurrent.locks.ReentrantReadWriteLock$Sync::tryReleaseShared (146 bytes)
Event: 265.401 Thread 0x0000020ae304a8c0 nmethod 3985 0x0000020a88e89b08 code [0x0000020a88e89ce0, 0x0000020a88e8aa68]
Event: 275.341 Thread 0x0000020ae304a8c0 3986       3       java.util.concurrent.locks.AbstractQueuedSynchronizer$ConditionObject::canReacquire (38 bytes)
Event: 275.342 Thread 0x0000020ae304a8c0 nmethod 3986 0x0000020a88e8ab08 code [0x0000020a88e8ac40, 0x0000020a88e8b008]
Event: 295.403 Thread 0x0000020ae304a8c0 3988       3       java.util.concurrent.locks.AbstractQueuedSynchronizer::release (19 bytes)
Event: 295.404 Thread 0x0000020ae304a8c0 nmethod 3988 0x0000020a88e8b088 code [0x0000020a88e8b220, 0x0000020a88e8b9e0]
Event: 305.346 Thread 0x0000020ae304a8c0 3989       3       java.util.concurrent.locks.ReentrantLock$Sync::isHeldExclusively (16 bytes)
Event: 305.347 Thread 0x0000020ae304a8c0 nmethod 3989 0x0000020a88e8ba88 code [0x0000020a88e8bba0, 0x0000020a88e8bdb0]
Event: 305.347 Thread 0x0000020ae304a8c0 3990       3       java.util.concurrent.ScheduledThreadPoolExecutor$ScheduledFutureTask::compareTo (9 bytes)
Event: 305.347 Thread 0x0000020ae304a8c0 nmethod 3990 0x0000020a88e8be08 code [0x0000020a88e8bf20, 0x0000020a88e8c178]
Event: 305.347 Thread 0x0000020ae304a8c0 3991       3       java.util.concurrent.ScheduledThreadPoolExecutor$ScheduledFutureTask::compareTo (101 bytes)
Event: 305.348 Thread 0x0000020ae304a8c0 nmethod 3991 0x0000020a88e8c208 code [0x0000020a88e8c3a0, 0x0000020a88e8ca58]
Event: 315.341 Thread 0x0000020ae304a8c0 3992       1       java.lang.Thread::isInterrupted (5 bytes)
Event: 315.341 Thread 0x0000020ae304a8c0 nmethod 3992 0x0000020a9047b108 code [0x0000020a9047b200, 0x0000020a9047b2c8]
Event: 325.408 Thread 0x0000020ae304a8c0 3993       3       java.util.concurrent.TimeUnit::toNanos (45 bytes)
Event: 325.408 Thread 0x0000020ae304a8c0 nmethod 3993 0x0000020a88e8ca88 code [0x0000020a88e8cbc0, 0x0000020a88e8cdf8]
Event: 335.342 Thread 0x0000020ae304a8c0 3994       3       java.util.concurrent.locks.LockSupport::setBlocker (12 bytes)
Event: 335.343 Thread 0x0000020ae304a8c0 nmethod 3994 0x0000020a88e8ce08 code [0x0000020a88e8cf20, 0x0000020a88e8d1b0]
Event: 335.409 Thread 0x0000020ae304a8c0 3995       3       java.util.HashMap::valuesToArray (81 bytes)
Event: 335.410 Thread 0x0000020ae304a8c0 nmethod 3995 0x0000020a88e8d208 code [0x0000020a88e8d340, 0x0000020a88e8d7d0]

GC Heap History (10 events):
Event: 1.768 GC heap before
{Heap before GC invocations=0 (full 0):
 garbage-first heap   total reserved 4128768K, committed 260096K, used 50292K [0x0000000704000000, 0x0000000800000000)
  region size 2048K, 24 young (49152K), 0 survivors (0K)
 Metaspace       used 8669K, committed 8896K, reserved 1114112K
  class space    used 755K, committed 832K, reserved 1048576K
}
Event: 1.774 GC heap after
{Heap after GC invocations=1 (full 0):
 garbage-first heap   total reserved 4128768K, committed 260096K, used 5577K [0x0000000704000000, 0x0000000800000000)
  region size 2048K, 3 young (6144K), 3 survivors (6144K)
 Metaspace       used 8669K, committed 8896K, reserved 1114112K
  class space    used 755K, committed 832K, reserved 1048576K
}
Event: 3.433 GC heap before
{Heap before GC invocations=1 (full 0):
 garbage-first heap   total reserved 4128768K, committed 260096K, used 118217K [0x0000000704000000, 0x0000000800000000)
  region size 2048K, 58 young (118784K), 3 survivors (6144K)
 Metaspace       used 19836K, committed 20160K, reserved 1114112K
  class space    used 1955K, committed 2112K, reserved 1048576K
}
Event: 3.445 GC heap after
{Heap after GC invocations=2 (full 0):
 garbage-first heap   total reserved 4128768K, committed 260096K, used 9332K [0x0000000704000000, 0x0000000800000000)
  region size 2048K, 4 young (8192K), 4 survivors (8192K)
 Metaspace       used 19836K, committed 20160K, reserved 1114112K
  class space    used 1955K, committed 2112K, reserved 1048576K
}
Event: 3.990 GC heap before
{Heap before GC invocations=2 (full 0):
 garbage-first heap   total reserved 4128768K, committed 260096K, used 27764K [0x0000000704000000, 0x0000000800000000)
  region size 2048K, 14 young (28672K), 4 survivors (8192K)
 Metaspace       used 21239K, committed 21504K, reserved 1114112K
  class space    used 2077K, committed 2176K, reserved 1048576K
}
Event: 4.001 GC heap after
{Heap after GC invocations=3 (full 0):
 garbage-first heap   total reserved 4128768K, committed 260096K, used 11322K [0x0000000704000000, 0x0000000800000000)
  region size 2048K, 5 young (10240K), 5 survivors (10240K)
 Metaspace       used 21239K, committed 21504K, reserved 1114112K
  class space    used 2077K, committed 2176K, reserved 1048576K
}
Event: 4.572 GC heap before
{Heap before GC invocations=4 (full 0):
 garbage-first heap   total reserved 4128768K, committed 40960K, used 39994K [0x0000000704000000, 0x0000000800000000)
  region size 2048K, 19 young (38912K), 5 survivors (10240K)
 Metaspace       used 23588K, committed 23936K, reserved 1114112K
  class space    used 2341K, committed 2496K, reserved 1048576K
}
Event: 4.591 GC heap after
{Heap after GC invocations=5 (full 0):
 garbage-first heap   total reserved 4128768K, committed 53248K, used 12184K [0x0000000704000000, 0x0000000800000000)
  region size 2048K, 6 young (12288K), 6 survivors (12288K)
 Metaspace       used 23588K, committed 23936K, reserved 1114112K
  class space    used 2341K, committed 2496K, reserved 1048576K
}
Event: 4.996 GC heap before
{Heap before GC invocations=5 (full 0):
 garbage-first heap   total reserved 4128768K, committed 53248K, used 30616K [0x0000000704000000, 0x0000000800000000)
  region size 2048K, 15 young (30720K), 6 survivors (12288K)
 Metaspace       used 25246K, committed 25600K, reserved 1114112K
  class space    used 2560K, committed 2752K, reserved 1048576K
}
Event: 5.016 GC heap after
{Heap after GC invocations=6 (full 0):
 garbage-first heap   total reserved 4128768K, committed 53248K, used 13800K [0x0000000704000000, 0x0000000800000000)
  region size 2048K, 2 young (4096K), 2 survivors (4096K)
 Metaspace       used 25246K, committed 25600K, reserved 1114112K
  class space    used 2560K, committed 2752K, reserved 1048576K
}

Dll operation events (12 events):
Event: 0.026 Loaded shared library C:\Program Files\Java\jdk-24\bin\java.dll
Event: 0.071 Loaded shared library C:\Program Files\Java\jdk-24\bin\jsvml.dll
Event: 0.414 Loaded shared library C:\Program Files\Java\jdk-24\bin\zip.dll
Event: 0.419 Loaded shared library C:\Program Files\Java\jdk-24\bin\instrument.dll
Event: 0.427 Loaded shared library C:\Program Files\Java\jdk-24\bin\net.dll
Event: 0.429 Loaded shared library C:\Program Files\Java\jdk-24\bin\nio.dll
Event: 0.434 Loaded shared library C:\Program Files\Java\jdk-24\bin\zip.dll
Event: 0.692 Loaded shared library C:\Program Files\Java\jdk-24\bin\jimage.dll
Event: 0.790 Loaded shared library C:\Program Files\Java\jdk-24\bin\verify.dll
Event: 3.316 Loaded shared library C:\Program Files\Java\jdk-24\bin\sunmscapi.dll
Event: 5.156 Loaded shared library C:\Program Files\Java\jdk-24\bin\management.dll
Event: 5.160 Loaded shared library C:\Program Files\Java\jdk-24\bin\management_ext.dll

Deoptimization events (20 events):
Event: 5.342 Thread 0x0000020afc03b430 DEOPT PACKING pc=0x0000020a88915144 sp=0x000000b3410fd7d0
Event: 5.342 Thread 0x0000020afc03b430 DEOPT UNPACKING pc=0x0000020a8fd65722 sp=0x000000b3410fcc88 mode 1
Event: 5.343 Thread 0x0000020afc03b430 DEOPT PACKING pc=0x0000020a889155c9 sp=0x000000b3410fd830
Event: 5.343 Thread 0x0000020afc03b430 DEOPT UNPACKING pc=0x0000020a8fd65722 sp=0x000000b3410fccd8 mode 1
Event: 5.343 Thread 0x0000020afc03b430 DEOPT PACKING pc=0x0000020a88915144 sp=0x000000b3410fd890
Event: 5.344 Thread 0x0000020afc03b430 DEOPT UNPACKING pc=0x0000020a8fd65722 sp=0x000000b3410fcd48 mode 1
Event: 5.344 Thread 0x0000020afc03b430 DEOPT PACKING pc=0x0000020a889155c9 sp=0x000000b3410fd900
Event: 5.344 Thread 0x0000020afc03b430 DEOPT UNPACKING pc=0x0000020a8fd65722 sp=0x000000b3410fcda8 mode 1
Event: 5.344 Thread 0x0000020afc03b430 DEOPT PACKING pc=0x0000020a88915144 sp=0x000000b3410fd960
Event: 5.344 Thread 0x0000020afc03b430 DEOPT UNPACKING pc=0x0000020a8fd65722 sp=0x000000b3410fce18 mode 1
Event: 5.350 Thread 0x0000020afc03b430 Uncommon trap: trap_request=0xffffff54 fr.pc=0x0000020a90412eec relative=0x00000000000012cc
Event: 5.350 Thread 0x0000020afc03b430 Uncommon trap: reason=speculate_null_assert action=make_not_entrant pc=0x0000020a90412eec method=org.springframework.core.SimpleAliasRegistry.canonicalName(Ljava/lang/String;)Ljava/lang/String; @ 17 c2
Event: 5.350 Thread 0x0000020afc03b430 DEOPT PACKING pc=0x0000020a90412eec sp=0x000000b3410fec40
Event: 5.350 Thread 0x0000020afc03b430 DEOPT UNPACKING pc=0x0000020a8fe36602 sp=0x000000b3410feb38 mode 2
Event: 5.367 Thread 0x0000020afc03b430 DEOPT PACKING pc=0x0000020a88db16dc sp=0x000000b3410fdbf0
Event: 5.367 Thread 0x0000020afc03b430 DEOPT UNPACKING pc=0x0000020a8fd65722 sp=0x000000b3410fd100 mode 1
Event: 5.367 Thread 0x0000020afc03b430 DEOPT PACKING pc=0x0000020a88db16dc sp=0x000000b3410fdbf0
Event: 5.367 Thread 0x0000020afc03b430 DEOPT UNPACKING pc=0x0000020a8fd65722 sp=0x000000b3410fd100 mode 1
Event: 360.240 Thread 0x0000020afc03b430 DEOPT PACKING pc=0x0000020a88b29744 sp=0x000000b3410fe250
Event: 360.240 Thread 0x0000020afc03b430 DEOPT UNPACKING pc=0x0000020a8fd65722 sp=0x000000b3410fd708 mode 0

Classes loaded (20 events):
Event: 5.332 Loading class java/util/concurrent/ScheduledThreadPoolExecutor$ScheduledFutureTask
Event: 5.332 Loading class java/util/concurrent/ScheduledThreadPoolExecutor$ScheduledFutureTask done
Event: 5.333 Loading class java/util/concurrent/Executors$RunnableAdapter
Event: 5.333 Loading class java/util/concurrent/Executors$RunnableAdapter done
Event: 5.333 Loading class java/util/concurrent/ThreadPoolExecutor$Worker
Event: 5.333 Loading class java/util/concurrent/ThreadPoolExecutor$Worker done
Event: 5.337 Loading class java/util/concurrent/locks/AbstractQueuedSynchronizer$ExclusiveNode
Event: 5.337 Loading class java/util/concurrent/locks/AbstractQueuedSynchronizer$Node
Event: 5.338 Loading class java/util/concurrent/locks/AbstractQueuedSynchronizer$Node done
Event: 5.338 Loading class java/util/concurrent/locks/AbstractQueuedSynchronizer$ExclusiveNode done
Event: 5.338 Loading class java/util/concurrent/locks/AbstractQueuedSynchronizer$ConditionNode
Event: 5.338 Loading class java/util/concurrent/locks/AbstractQueuedSynchronizer$ConditionNode done
Event: 5.346 Loading class jdk/internal/event/ThreadSleepEvent
Event: 5.347 Loading class jdk/internal/event/ThreadSleepEvent done
Event: 5.378 Loading class java/util/concurrent/CompletableFuture
Event: 5.379 Loading class java/util/concurrent/CompletionStage
Event: 5.379 Loading class java/util/concurrent/CompletionStage done
Event: 5.379 Loading class java/util/concurrent/CompletableFuture done
Event: 5.388 Loading class java/lang/invoke/WrongMethodTypeException
Event: 5.388 Loading class java/lang/invoke/WrongMethodTypeException done

Classes unloaded (0 events):
No events

Classes redefined (1 events):
Event: 360.272 Thread 0x0000020affc2eb70 redefined class name=com.example.SkillExperiment6.LibraryController, count=1

Internal exceptions (20 events):
Event: 4.685 Thread 0x0000020afc03b430 Exception <a 'java/lang/IncompatibleClassChangeError'{0x00000007124a51b8}: Found class java.lang.Object, but interface was expected> (0x00000007124a51b8) 
thrown [s\open\src\hotspot\share\interpreter\linkResolver.cpp, line 872]
Event: 4.696 Thread 0x0000020afc03b430 Exception <a 'java/lang/NoSuchMethodError'{0x000000071250e628}: 'int java.lang.invoke.DirectMethodHandle$Holder.invokeSpecial(java.lang.Object, java.lang.Object, int)'> (0x000000071250e628) 
thrown [s\open\src\hotspot\share\interpreter\linkResolver.cpp, line 805]
Event: 4.699 Thread 0x0000020afc03b430 Exception <a 'java/lang/NoSuchMethodError'{0x00000007125343d8}: 'void java.lang.invoke.DirectMethodHandle$Holder.invokeStatic(java.lang.Object, java.lang.Object, java.lang.Object, int, java.lang.Object)'> (0x00000007125343d8) 
thrown [s\open\src\hotspot\share\interpreter\linkResolver.cpp, line 805]
Event: 4.721 Thread 0x0000020afc03b430 Exception <a 'java/lang/NoSuchMethodError'{0x00000007122544b0}: 'void java.lang.invoke.DirectMethodHandle$Holder.invokeStatic(java.lang.Object, int, java.lang.Object)'> (0x00000007122544b0) 
thrown [s\open\src\hotspot\share\interpreter\linkResolver.cpp, line 805]
Event: 4.794 Thread 0x0000020afc03b430 Exception <a 'java/lang/NoSuchMethodError'{0x0000000712160f30}: 'java.lang.Object java.lang.invoke.DirectMethodHandle$Holder.invokeVirtual(java.lang.Object, java.lang.Object, java.lang.Object, java.lang.Object, java.lang.Object)'> (0x0000000712160f30) 
thrown [s\open\src\hotspot\share\interpreter\linkResolver.cpp, line 805]
Event: 4.859 Thread 0x0000020afc03b430 Exception <a 'java/lang/NoSuchMethodError'{0x0000000711faebe0}: 'java.lang.Object java.lang.invoke.DirectMethodHandle$Holder.invokeStaticInit(java.lang.Object, int, int, int, int)'> (0x0000000711faebe0) 
thrown [s\open\src\hotspot\share\interpreter\linkResolver.cpp, line 805]
Event: 4.899 Thread 0x0000020afc03b430 Exception <a 'java/lang/NoSuchMethodError'{0x000000070589d8d8}: 'java.lang.Object java.lang.invoke.DirectMethodHandle$Holder.invokeStaticInit(java.lang.Object, java.lang.Object, int, int, int, int)'> (0x000000070589d8d8) 
thrown [s\open\src\hotspot\share\interpreter\linkResolver.cpp, line 805]
Event: 5.113 Thread 0x0000020afc03b430 Exception <a 'java/lang/NoSuchMethodError'{0x00000007126e7ca8}: 'int java.lang.invoke.DirectMethodHandle$Holder.invokeVirtual(java.lang.Object, java.lang.Object, java.lang.Object, java.lang.Object)'> (0x00000007126e7ca8) 
thrown [s\open\src\hotspot\share\interpreter\linkResolver.cpp, line 805]
Event: 5.113 Thread 0x0000020afc03b430 Exception <a 'java/lang/NoSuchMethodError'{0x00000007126f04a0}: 'int java.lang.invoke.DelegatingMethodHandle$Holder.reinvoke_L(java.lang.Object, java.lang.Object, java.lang.Object, java.lang.Object)'> (0x00000007126f04a0) 
thrown [s\open\src\hotspot\share\interpreter\linkResolver.cpp, line 805]
Event: 5.179 Thread 0x0000020afc03b430 Exception <a 'java/io/FileNotFoundException'{0x000000071255d0f8}> (0x000000071255d0f8) 
thrown [s\open\src\hotspot\share\prims\jni.cpp, line 518]
Event: 5.190 Thread 0x0000020afc03b430 Exception <a 'java/io/FileNotFoundException'{0x000000071259d0a0}> (0x000000071259d0a0) 
thrown [s\open\src\hotspot\share\prims\jni.cpp, line 518]
Event: 5.198 Thread 0x0000020afc03b430 Exception <a 'java/io/IOException'{0x00000007125cd628}> (0x00000007125cd628) 
thrown [s\open\src\hotspot\share\prims\jni.cpp, line 518]
Event: 5.199 Thread 0x0000020afc03b430 Exception <a 'java/io/IOException'{0x00000007125cdd48}> (0x00000007125cdd48) 
thrown [s\open\src\hotspot\share\prims\jni.cpp, line 518]
Event: 5.199 Thread 0x0000020afc03b430 Exception <a 'java/io/IOException'{0x00000007125ce458}> (0x00000007125ce458) 
thrown [s\open\src\hotspot\share\prims\jni.cpp, line 518]
Event: 5.217 Thread 0x0000020afc03b430 Exception <a 'java/io/IOException'{0x0000000712313fe8}> (0x0000000712313fe8) 
thrown [s\open\src\hotspot\share\prims\jni.cpp, line 518]
Event: 5.218 Thread 0x0000020afc03b430 Exception <a 'java/io/IOException'{0x000000071231f900}> (0x000000071231f900) 
thrown [s\open\src\hotspot\share\prims\jni.cpp, line 518]
Event: 5.219 Thread 0x0000020afc03b430 Exception <a 'java/io/IOException'{0x00000007123203d8}> (0x00000007123203d8) 
thrown [s\open\src\hotspot\share\prims\jni.cpp, line 518]
Event: 5.240 Thread 0x0000020afc03b430 Exception <a 'java/lang/NoSuchMethodError'{0x00000007120c4160}: 'int java.lang.invoke.DirectMethodHandle$Holder.invokeInterface(java.lang.Object, java.lang.Object, java.lang.Object, java.lang.Object)'> (0x00000007120c4160) 
thrown [s\open\src\hotspot\share\interpreter\linkResolver.cpp, line 805]
Event: 5.314 Thread 0x0000020afc03b430 Exception <a 'java/lang/NoSuchMethodError'{0x00000007064d7e68}: 'long java.lang.invoke.DirectMethodHandle$Holder.invokeVirtual(java.lang.Object, java.lang.Object)'> (0x00000007064d7e68) 
thrown [s\open\src\hotspot\share\interpreter\linkResolver.cpp, line 805]
Event: 5.376 Thread 0x0000020afc03b430 Exception <a 'java/lang/NoSuchMethodError'{0x000000070639cd10}: 'void java.lang.invoke.DirectMethodHandle$Holder.invokeVirtual(java.lang.Object, java.lang.Object, long)'> (0x000000070639cd10) 
thrown [s\open\src\hotspot\share\interpreter\linkResolver.cpp, line 805]

VM Operations (20 events):
Event: 14.384 Executing VM operation: get/set locals
Event: 14.384 Executing VM operation: get/set locals done
Event: 14.390 Executing VM operation: get/set locals
Event: 14.390 Executing VM operation: get/set locals done
Event: 14.393 Executing VM operation: get/set locals
Event: 14.393 Executing VM operation: get/set locals done
Event: 14.397 Executing VM operation: get/set locals
Event: 14.397 Executing VM operation: get/set locals done
Event: 60.094 Executing VM operation: HandshakeAllThreads (HandshakeForDeflation)
Event: 60.094 Executing VM operation: HandshakeAllThreads (HandshakeForDeflation) done
Event: 60.094 Executing VM operation: RendezvousGCThreads
Event: 60.094 Executing VM operation: RendezvousGCThreads done
Event: 360.239 Executing VM operation: ChangeSingleStep
Event: 360.240 Executing VM operation: ChangeSingleStep done
Event: 360.240 Executing VM operation: ChangeSingleStep
Event: 360.240 Executing VM operation: ChangeSingleStep done
Event: 360.258 Executing VM operation: RedefineClasses
Event: 360.292 Executing VM operation: RedefineClasses done
Event: 360.295 Executing VM operation: ChangeSingleStep
Event: 360.295 Executing VM operation: ChangeSingleStep done

Memory protections (0 events):
No events

Nmethod flushes (0 events):
No events

Events (20 events):
Event: 0.067 Thread 0x0000020afc03b430 Thread added: 0x0000020ae300e5d0
Event: 0.067 Thread 0x0000020afc03b430 Thread added: 0x0000020ae3030380
Event: 0.067 Thread 0x0000020afc03b430 Thread added: 0x0000020ae3048d30
Event: 0.067 Thread 0x0000020afc03b430 Thread added: 0x0000020ae304a8c0
Event: 0.226 Thread 0x0000020afc03b430 Thread added: 0x0000020ae322b130
Event: 0.226 Thread 0x0000020afc03b430 Thread added: 0x0000020ae32c4180
Event: 0.227 Thread 0x0000020ae322b130 Thread added: 0x0000020ae33c20f0
Event: 0.424 Thread 0x0000020afc03b430 Thread added: 0x0000020ae3217470
Event: 0.453 Thread 0x0000020ae304a8c0 Thread added: 0x0000020ae32a1290
Event: 0.778 Thread 0x0000020afc03b430 Thread added: 0x0000020ae364a5d0
Event: 1.890 Thread 0x0000020ae304a8c0 Thread added: 0x0000020ae44af850
Event: 2.476 Thread 0x0000020afc03b430 Thread added: 0x0000020ae3ece410
Event: 3.370 Thread 0x0000020afc03b430 Thread added: 0x0000020ae47cb370
Event: 3.370 Thread 0x0000020ae3ece410 Thread exited: 0x0000020ae3ece410
Event: 3.385 Thread 0x0000020ae47cb370 Thread exited: 0x0000020ae47cb370
Event: 5.335 Thread 0x0000020afc03b430 Thread added: 0x0000020ae8bac280
Event: 5.337 Thread 0x0000020ae8bac280 Thread added: 0x0000020ae9642ea0
Event: 5.346 Thread 0x0000020afc03b430 Thread added: 0x0000020ae4658460
Event: 10.567 Thread 0x0000020ae44af850 Thread exited: 0x0000020ae44af850
Event: 10.588 Thread 0x0000020ae32a1290 Thread exited: 0x0000020ae32a1290


Dynamic libraries:
0x00007ff6f0d00000 - 0x00007ff6f0d10000 	C:\Program Files\Java\jdk-24\bin\javaw.exe
0x00007ff8b9ec0000 - 0x00007ff8ba127000 	C:\WINDOWS\SYSTEM32\ntdll.dll
0x00007ff8b9710000 - 0x00007ff8b97d9000 	C:\WINDOWS\System32\KERNEL32.DLL
0x00007ff8b75b0000 - 0x00007ff8b799f000 	C:\WINDOWS\System32\KERNELBASE.dll
0x00007ff8b7a60000 - 0x00007ff8b7bab000 	C:\WINDOWS\System32\ucrtbase.dll
0x00007ff8a1770000 - 0x00007ff8a1786000 	C:\Program Files\Java\jdk-24\bin\jli.dll
0x00007ff8b9c20000 - 0x00007ff8b9de5000 	C:\WINDOWS\System32\USER32.dll
0x00007ff8b7010000 - 0x00007ff8b7037000 	C:\WINDOWS\System32\win32u.dll
0x00007ff8b7f90000 - 0x00007ff8b7fbb000 	C:\WINDOWS\System32\GDI32.dll
0x00007ff8b7040000 - 0x00007ff8b716c000 	C:\WINDOWS\System32\gdi32full.dll
0x00007ff8b79b0000 - 0x00007ff8b7a53000 	C:\WINDOWS\System32\msvcp_win.dll
0x00007ff8a0b90000 - 0x00007ff8a0bab000 	C:\Program Files\Java\jdk-24\bin\VCRUNTIME140.dll
0x00007ff8a61f0000 - 0x00007ff8a6483000 	C:\WINDOWS\WinSxS\amd64_microsoft.windows.common-controls_6595b64144ccf1df_6.0.26100.7309_none_3e05feeae336a044\COMCTL32.dll
0x00007ff8b9a70000 - 0x00007ff8b9b19000 	C:\WINDOWS\System32\msvcrt.dll
0x00007ff8b7c70000 - 0x00007ff8b7ca1000 	C:\WINDOWS\System32\IMM32.DLL
0x00007ff8a7fb0000 - 0x00007ff8a7fbc000 	C:\Program Files\Java\jdk-24\bin\vcruntime140_1.dll
0x00007ff897020000 - 0x00007ff8970ae000 	C:\Program Files\Java\jdk-24\bin\msvcp140.dll
0x00007ff82ba00000 - 0x00007ff82c7a1000 	C:\Program Files\Java\jdk-24\bin\server\jvm.dll
0x00007ff8b9860000 - 0x00007ff8b9914000 	C:\WINDOWS\System32\ADVAPI32.dll
0x00007ff8b7cb0000 - 0x00007ff8b7d56000 	C:\WINDOWS\System32\sechost.dll
0x00007ff8b8150000 - 0x00007ff8b8268000 	C:\WINDOWS\System32\RPCRT4.dll
0x00007ff8b97e0000 - 0x00007ff8b9854000 	C:\WINDOWS\System32\WS2_32.dll
0x00007ff8b6e70000 - 0x00007ff8b6ece000 	C:\WINDOWS\SYSTEM32\POWRPROF.dll
0x00007ff8a6490000 - 0x00007ff8a64c5000 	C:\WINDOWS\SYSTEM32\WINMM.dll
0x00007ff8a7bb0000 - 0x00007ff8a7bbb000 	C:\WINDOWS\SYSTEM32\VERSION.dll
0x00007ff8b6e50000 - 0x00007ff8b6e64000 	C:\WINDOWS\SYSTEM32\UMPDC.dll
0x00007ff8b5dc0000 - 0x00007ff8b5ddb000 	C:\WINDOWS\SYSTEM32\kernel.appcore.dll
0x00007ff8a0b80000 - 0x00007ff8a0b8a000 	C:\Program Files\Java\jdk-24\bin\jimage.dll
0x00007ff8b4760000 - 0x00007ff8b49a2000 	C:\WINDOWS\SYSTEM32\DBGHELP.DLL
0x00007ff8b9100000 - 0x00007ff8b9486000 	C:\WINDOWS\System32\combase.dll
0x00007ff8b8270000 - 0x00007ff8b8346000 	C:\WINDOWS\System32\OLEAUT32.dll
0x00007ff898e70000 - 0x00007ff898eac000 	C:\WINDOWS\SYSTEM32\dbgcore.DLL
0x00007ff8b7bb0000 - 0x00007ff8b7c55000 	C:\WINDOWS\System32\bcryptPrimitives.dll
0x00007ff89f710000 - 0x00007ff89f74c000 	C:\Program Files\Java\jdk-24\bin\jdwp.dll
0x00007ff8a09c0000 - 0x00007ff8a09cf000 	C:\Program Files\Java\jdk-24\bin\instrument.dll
0x00007ff89fed0000 - 0x00007ff89feee000 	C:\Program Files\Java\jdk-24\bin\java.dll
0x00007ff8b8ac0000 - 0x00007ff8b8c57000 	C:\WINDOWS\System32\ole32.dll
0x00007ff8b8350000 - 0x00007ff8b8aa3000 	C:\WINDOWS\System32\SHELL32.dll
0x00007ff8b7440000 - 0x00007ff8b75aa000 	C:\WINDOWS\System32\wintypes.dll
0x00007ff8b4c30000 - 0x00007ff8b548e000 	C:\WINDOWS\SYSTEM32\windows.storage.dll
0x00007ff8b9610000 - 0x00007ff8b9705000 	C:\WINDOWS\System32\SHCORE.dll
0x00007ff8b9510000 - 0x00007ff8b9576000 	C:\WINDOWS\System32\shlwapi.dll
0x00007ff8b6f30000 - 0x00007ff8b6f59000 	C:\WINDOWS\SYSTEM32\profapi.dll
0x00007ff88c490000 - 0x00007ff88c567000 	C:\Program Files\Java\jdk-24\bin\jsvml.dll
0x00007ff8a0890000 - 0x00007ff8a089c000 	C:\Program Files\Java\jdk-24\bin\dt_socket.dll
0x00007ff8b5880000 - 0x00007ff8b58b4000 	C:\WINDOWS\SYSTEM32\IPHLPAPI.DLL
0x00007ff8b6330000 - 0x00007ff8b639b000 	C:\WINDOWS\system32\mswsock.dll
0x00007ff8b5960000 - 0x00007ff8b5a8c000 	C:\WINDOWS\SYSTEM32\DNSAPI.dll
0x00007ff8b7c60000 - 0x00007ff8b7c6a000 	C:\WINDOWS\System32\NSI.dll
0x00007ff8a9640000 - 0x00007ff8a964b000 	C:\Windows\System32\rasadhlp.dll
0x00007ff8aa890000 - 0x00007ff8aa916000 	C:\WINDOWS\System32\fwpuclnt.dll
0x00007ff89fdd0000 - 0x00007ff89fde7000 	C:\Program Files\Java\jdk-24\bin\zip.dll
0x00007ff8a0490000 - 0x00007ff8a04a0000 	C:\Program Files\Java\jdk-24\bin\net.dll
0x00007ff89f6f0000 - 0x00007ff89f706000 	C:\Program Files\Java\jdk-24\bin\nio.dll
0x00007ff89fda0000 - 0x00007ff89fdb0000 	C:\Program Files\Java\jdk-24\bin\verify.dll
0x00007ff89fb50000 - 0x00007ff89fb5e000 	C:\Program Files\Java\jdk-24\bin\sunmscapi.dll
0x00007ff8b7200000 - 0x00007ff8b7377000 	C:\WINDOWS\System32\CRYPT32.dll
0x00007ff8b6880000 - 0x00007ff8b68b0000 	C:\WINDOWS\SYSTEM32\ncrypt.dll
0x00007ff8b6830000 - 0x00007ff8b686f000 	C:\WINDOWS\SYSTEM32\NTASN1.dll
0x00007ff8b65f0000 - 0x00007ff8b660b000 	C:\WINDOWS\SYSTEM32\CRYPTSP.dll
0x00007ff8b5d20000 - 0x00007ff8b5d5a000 	C:\WINDOWS\system32\rsaenh.dll
0x00007ff8b63e0000 - 0x00007ff8b640b000 	C:\WINDOWS\SYSTEM32\USERENV.dll
0x00007ff8b6f00000 - 0x00007ff8b6f2a000 	C:\WINDOWS\SYSTEM32\bcrypt.dll
0x00007ff8b6610000 - 0x00007ff8b661c000 	C:\WINDOWS\SYSTEM32\CRYPTBASE.dll
0x00007ff89f6e0000 - 0x00007ff89f6ea000 	C:\Program Files\Java\jdk-24\bin\management.dll
0x00007ff89f6d0000 - 0x00007ff89f6db000 	C:\Program Files\Java\jdk-24\bin\management_ext.dll
0x00007ff8b9a60000 - 0x00007ff8b9a68000 	C:\WINDOWS\System32\PSAPI.DLL

JVMTI agents:
jdwp path:C:\Program Files\Java\jdk-24\bin\jdwp.dll, loaded, initialized, options:transport=dt_socket,suspend=y,address=localhost:54407
C:\STUDY\2nd YEAR\4th EVEN SEM\Full Stack Development\apps\eclipse\configuration\org.eclipse.osgi\442\0\.cp\lib\javaagent-shaded.jar path:C:\Program Files\Java\jdk-24\bin\instrument.dll, loaded, initialized, instrumentlib options:none

dbghelp: loaded successfully - version: 4.0.5 - missing functions: none
symbol engine: initialized successfully - sym options: 0x614 - pdb path: .;C:\Program Files\Java\jdk-24\bin;C:\WINDOWS\SYSTEM32;C:\WINDOWS\WinSxS\amd64_microsoft.windows.common-controls_6595b64144ccf1df_6.0.26100.7309_none_3e05feeae336a044;C:\Program Files\Java\jdk-24\bin\server

VM Arguments:
jvm_args: -XX:+ShowCodeDetailsInExceptionMessages -agentlib:jdwp=transport=dt_socket,suspend=y,address=localhost:54407 -javaagent:C:\STUDY\2nd YEAR\4th EVEN SEM\Full Stack Development\apps\eclipse\configuration\org.eclipse.osgi\442\0\.cp\lib\javaagent-shaded.jar -Dfile.encoding=UTF-8 -Dstdout.encoding=UTF-8 -Dstderr.encoding=UTF-8 
java_command: com.example.SkillExperiment6.SkillExperiment6Application
java_class_path (initial): C:\Users\ADMIN\Desktop\S71 SpringBoot Project\SkillExperiment6\target\classes;C:\Users\ADMIN\.m2\repository\org\springframework\boot\spring-boot-starter\4.0.2\spring-boot-starter-4.0.2.jar;C:\Users\ADMIN\.m2\repository\org\springframework\boot\spring-boot-starter-logging\4.0.2\spring-boot-starter-logging-4.0.2.jar;C:\Users\ADMIN\.m2\repository\ch\qos\logback\logback-classic\1.5.25\logback-classic-1.5.25.jar;C:\Users\ADMIN\.m2\repository\ch\qos\logback\logback-core\1.5.25\logback-core-1.5.25.jar;C:\Users\ADMIN\.m2\repository\org\apache\logging\log4j\log4j-to-slf4j\2.25.3\log4j-to-slf4j-2.25.3.jar;C:\Users\ADMIN\.m2\repository\org\apache\logging\log4j\log4j-api\2.25.3\log4j-api-2.25.3.jar;C:\Users\ADMIN\.m2\repository\org\slf4j\jul-to-slf4j\2.0.17\jul-to-slf4j-2.0.17.jar;C:\Users\ADMIN\.m2\repository\org\springframework\boot\spring-boot-autoconfigure\4.0.2\spring-boot-autoconfigure-4.0.2.jar;C:\Users\ADMIN\.m2\repository\org\springframework\boot\spring-boot\4.0.2\spring-boot-4.0.2.jar;C:\Users\ADMIN\.m2\repository\org\springframework\spring-context\7.0.3\spring-context-7.0.3.jar;C:\Users\ADMIN\.m2\repository\org\springframework\spring-aop\7.0.3\spring-aop-7.0.3.jar;C:\Users\ADMIN\.m2\repository\org\springframework\spring-beans\7.0.3\spring-beans-7.0.3.jar;C:\Users\ADMIN\.m2\repository\org\springframework\spring-expression\7.0.3\spring-expression-7.0.3.jar;C:\Users\ADMIN\.m2\repository\io\micrometer\micrometer-observation\1.16.2\micrometer-observation-1.16.2.jar;C:\Users\ADMIN\.m2\repository\io\micrometer\micrometer-commons\1.16.2\micrometer-commons-1.16.2.jar;C:\Users\ADMIN\.m2\repository\jakarta\annotation\jakarta.annotation-api\3.0.0\jakarta.annotation-api-3.0.0.jar;C:\Users\ADMIN\.m2\repository\org\yaml\snakeyaml\2.5\snakeyaml-2.5.jar;C:\Users\ADMIN\.m2\repository\org\slf4j\slf4j-api\2.0.17\slf4j-api-2.0.17.jar;C:\Users\ADMIN\.m2\repository\org\springframework\spring-core\7.0.3\spring-core-7.0.3.jar;C:\Users\ADMIN\.m2\repository\commons-logging\commons-logging\1.3.5\commons-logging-1.3.5.jar;C:\Users\ADMIN\.m2\repository\org\jspecify\jspecify\1.0.0\jspecify-1.0.0.jar;C:\Users\ADMIN\Desktop\S71 SpringBoot Project\ExapmleRestController\target\classes;C:\Users\ADMIN\.m2\repository\org\springframework\boot\spring-boot-starter-webmvc\4.0.2\spring-boot-starter-webmvc-4.0.2.jar;C:\Users\ADMIN\.m2\repository\org\springframework\boot\spring-boot-starter-jackson\4.0.2\spring-boot-starter-jackson-4.0.2.jar;C:\Users\ADMIN\.m2\repository\org\springframework\boot\spring-boot-jackson\4.0.2\spring-boot-jackson-4.0.2.jar;C:\Users\ADMIN\.m2\repository\tools\jackson\core\jackson-databind\3.0.4\jackson-databind-3.0.4.jar;C:\Users\ADMIN\.m2\repository\com\fasterxml\jackson\core\jackson-annotations\2.20\jackson-annotations-2.20.jar;C:\Users\ADMIN\.m2\repository\tools\jackson\core\jackson-core\3.0.4\jackson-core-3.0.4.jar;C:\Users\ADMIN\.m2\repository\org\springframework\boot\spring-boot-starter-tomcat\4.0.2\spring-boot-starter-tomcat-4.0.2.jar;C:\Users\ADMIN\.m2\repository\org\springframework\boot\spring-boot-starter-tomcat-runtime\4.0.2\spring-boot-starter-tomcat-runtime-4.0.2.jar;C:\Users\ADMIN\.m2\repository\org\springframework\boot\spring-boot-web-server\4.0.2\spring-boot-web-server-4.0.2.jar;C:\Users\ADMIN\.m2\repository\org\apache\tomcat\embed\tomcat-embed-core\11.0.15\tomcat-embed-core-11.0.15.jar;C:\Users\ADMIN\.m2\repository\org\apache\tomcat\embed\tomcat-embed-el\11.0.15\tomcat-embed-el-11.0.15.jar;C:\Users\ADMIN\.m2\repository\org\apache\tomcat\embed\tomcat-embed-websocket\11.0.15\tomcat-embed-websocket-11.0.15.jar;C:\Users\ADMIN\.m2\repository\org\springframework\boot\spring-boot-tomcat\4.0.2\spring-boot-tomcat-4.0.2.jar;C:\Users\ADMIN\.m2\repository\org\springframework\boot\spring-boot-http-converter\4.0.2\spring-boot-http-converter-4.0.2.jar;C:\Users\ADMIN\.m2\repository\org\springframework\spring-web\7.0.3\spring-web-7.0.3.jar;C:\Users\ADMIN\.m2\repository\org\springframework\boot\spring-boot-webmvc\4.0.2\spring-boot-webmvc-4.0.2.jar;C:\Users\ADMIN\.m2\repository\org\springframework\boot\spring-boot-servlet\4.0.2\spring-boot-servlet-4.0.2.jar;C:\Users\ADMIN\.m2\repository\org\springframework\spring-webmvc\7.0.3\spring-webmvc-7.0.3.jar
Launcher Type: SUN_STANDARD

[Global flags]
     intx CICompilerCount                          = 4                                         {product} {ergonomic}
     uint ConcGCThreads                            = 2                                         {product} {ergonomic}
     uint G1ConcRefinementThreads                  = 8                                         {product} {ergonomic}
   size_t G1HeapRegionSize                         = 2097152                                   {product} {ergonomic}
   size_t InitialHeapSize                          = 264241152                                 {product} {ergonomic}
   size_t MarkStackSize                            = 4194304                                   {product} {ergonomic}
   size_t MarkStackSizeMax                         = 536870912                                 {product} {ergonomic}
   size_t MaxHeapSize                              = 4227858432                                {product} {ergonomic}
   size_t MaxNewSize                               = 2535456768                                {product} {ergonomic}
   size_t MinHeapDeltaBytes                        = 2097152                                   {product} {ergonomic}
   size_t MinHeapSize                              = 8388608                                   {product} {ergonomic}
    uintx NonNMethodCodeHeapSize                   = 5832704                                {pd product} {ergonomic}
    uintx NonProfiledCodeHeapSize                  = 122945536                              {pd product} {ergonomic}
    uintx ProfiledCodeHeapSize                     = 122880000                              {pd product} {ergonomic}
    uintx ReservedCodeCacheSize                    = 251658240                              {pd product} {ergonomic}
     bool SegmentedCodeCache                       = true                                      {product} {ergonomic}
     bool ShowCodeDetailsInExceptionMessages       = true                                   {manageable} {command line}
   size_t SoftMaxHeapSize                          = 4227858432                             {manageable} {ergonomic}
     bool UseCompressedOops                        = true                           {product lp64_product} {ergonomic}
     bool UseG1GC                                  = true                                      {product} {ergonomic}
     bool UseLargePagesIndividualAllocation        = false                                  {pd product} {ergonomic}

Logging:
Log output configuration:
 #0: stdout all=warning uptime,level,tags foldmultilines=false
 #1: stderr all=off uptime,level,tags foldmultilines=false

Environment Variables:
PATH=C:/STUDY/2nd YEAR/4th EVEN SEM/Full Stack Development/apps/eclipse//plugins/org.eclipse.justj.openjdk.hotspot.jre.full.win32.x86_64_21.0.8.v20250724-1412/jre/bin/server;C:/STUDY/2nd YEAR/4th EVEN SEM/Full Stack Development/apps/eclipse//plugins/org.eclipse.justj.openjdk.hotspot.jre.full.win32.x86_64_21.0.8.v20250724-1412/jre/bin;C:\Program Files\Common Files\Oracle\Java\javapath;C:\WINDOWS\system32;C:\WINDOWS;C:\WINDOWS\System32\Wbem;C:\WINDOWS\System32\WindowsPowerShell\v1.0\;C:\WINDOWS\System32\OpenSSH\;C:\Program Files\Git\cmd;C:\Program Files\Microsoft VS Code\bin;C:\Program Files\Java\jdk-24\bin;C:\Program Files\nodejs\;C:\Program Files\MySQL\MySQL Shell 8.0\bin\;C:\Users\ADMIN\AppData\Local\Programs\Python\Launcher\;C:\Users\ADMIN\AppData\Local\Microsoft\WindowsApps;C:\Users\ADMIN\AppData\Local\Programs\Microsoft VS Code\bin;C:\Users\ADMIN\AppData\Roaming\npm;C:\STUDY\2nd YEAR\4th EVEN SEM\Full Stack Development\apps\eclipse;
USERNAME=ADMIN
OS=Windows_NT
PROCESSOR_IDENTIFIER=Intel64 Family 6 Model 142 Stepping 12, GenuineIntel
TMP=C:\Users\ADMIN\AppData\Local\Temp
TEMP=C:\Users\ADMIN\AppData\Local\Temp




Periodic native trim disabled

---------------  S Y S T E M  ---------------

OS:
 Windows 11 , 64 bit Build 26100 (10.0.26100.7623)
OS uptime: 3 days 3:12 hours

CPU: total 8 (initial active 8) (4 cores per cpu, 2 threads per core) family 6 model 142 stepping 12 microcode 0x100, cx8, cmov, fxsr, ht, mmx, 3dnowpref, sse, sse2, sse3, ssse3, sse4.1, sse4.2, popcnt, lzcnt, tsc, tscinvbit, avx, avx2, aes, erms, clmul, bmi1, bmi2, adx, fma, vzeroupper, clflush, clflushopt, rdtscp, f16c
Processor Information for processor 0
  Max Mhz: 2112, Current Mhz: 1508, Mhz Limit: 1900
Processor Information for processor 1
  Max Mhz: 2112, Current Mhz: 1910, Mhz Limit: 1900
Processor Information for processor 2
  Max Mhz: 2112, Current Mhz: 1508, Mhz Limit: 1900
Processor Information for processor 3
  Max Mhz: 2112, Current Mhz: 1910, Mhz Limit: 1900
Processor Information for processor 4
  Max Mhz: 2112, Current Mhz: 1910, Mhz Limit: 1900
Processor Information for processor 5
  Max Mhz: 2112, Current Mhz: 1508, Mhz Limit: 1900
Processor Information for processor 6
  Max Mhz: 2112, Current Mhz: 1508, Mhz Limit: 1900
Processor Information for processor 7
  Max Mhz: 2112, Current Mhz: 1910, Mhz Limit: 1900

Memory: 4k page, system-wide physical 16124M (6467M free)
TotalPageFile size 17148M (AvailPageFile size 4125M)
current process WorkingSet (physical memory assigned to process): 151M, peak: 286M
current process commit charge ("private bytes"): 190M, peak: 465M

vm_info: Java HotSpot(TM) 64-Bit Server VM (24.0.2+12-54) for windows-amd64 JRE (24.0.2+12-54), built on 2025-07-08T12:10:27Z with MS VC++ 17.6 (VS2022)

END.
